<?xml version="1.0" encoding="UTF-8"?>
<testsuite name="com.ylab.CarServiceTest" tests="4" skipped="0" failures="0" errors="0" timestamp="2024-08-12T12:17:17" hostname="CottonPads" time="0.182">
  <properties/>
  <testcase name="testRemoveOrder()" classname="com.ylab.CarServiceTest" time="0.117"/>
  <testcase name="testCarValuesValidation()" classname="com.ylab.CarServiceTest" time="0.008"/>
  <testcase name="testGetAllOrders()" classname="com.ylab.CarServiceTest" time="0.035"/>
  <testcase name="testCreateCar()" classname="com.ylab.CarServiceTest" time="0.007"/>
  <system-out><![CDATA[]]></system-out>
  <system-err><![CDATA[]]></system-err>
</testsuite>
