<?xml version="1.0" encoding="UTF-8"?>
<testsuite name="com.ylab.CarServiceTest" tests="1" skipped="0" failures="0" errors="0" timestamp="2024-08-19T19:31:25" hostname="CottonPads" time="0.004">
  <properties/>
  <testcase name="testCarValuesValidation()" classname="com.ylab.CarServiceTest" time="0.004"/>
  <system-out><![CDATA[]]></system-out>
  <system-err><![CDATA[]]></system-err>
</testsuite>
