<?xml version="1.0" encoding="UTF-8"?>
<testsuite name="com.ylab.testcontainer.UsersRepositoryTests" tests="4" skipped="0" failures="0" errors="0" timestamp="2024-08-12T12:17:26" hostname="CottonPads" time="0.026">
  <properties/>
  <testcase name="Тест на проверку добавления нового пользователя" classname="com.ylab.testcontainer.UsersRepositoryTests" time="0.002"/>
  <testcase name="Тест на проверку отображения всех пользователей" classname="com.ylab.testcontainer.UsersRepositoryTests" time="0.003"/>
  <testcase name="Тест на обновление информации о пользователе" classname="com.ylab.testcontainer.UsersRepositoryTests" time="0.011"/>
  <testcase name="Тест удаления пользователя" classname="com.ylab.testcontainer.UsersRepositoryTests" time="0.006"/>
  <system-out><![CDATA[]]></system-out>
  <system-err><![CDATA[]]></system-err>
</testsuite>
