<?xml version="1.0" encoding="UTF-8"?>
<testsuite name="com.ylab.AccessServiceTest" tests="1" skipped="0" failures="0" errors="0" timestamp="2024-08-19T19:31:23" hostname="CottonPads" time="1.189">
  <properties/>
  <testcase name="testSameRole()" classname="com.ylab.AccessServiceTest" time="1.189"/>
  <system-out><![CDATA[]]></system-out>
  <system-err><![CDATA[]]></system-err>
</testsuite>
