<?xml version="1.0" encoding="UTF-8"?>
<testsuite name="com.ylab.AuthenticationServiceTest" tests="1" skipped="0" failures="0" errors="0" timestamp="2024-08-19T19:31:24" hostname="CottonPads" time="0.213">
  <properties/>
  <testcase name="testAuthenticateUser()" classname="com.ylab.AuthenticationServiceTest" time="0.213"/>
  <system-out><![CDATA[]]></system-out>
  <system-err><![CDATA[]]></system-err>
</testsuite>
