<?xml version="1.0" encoding="UTF-8"?>
<testsuite name="com.ylab.AccessServiceTest" tests="1" skipped="0" failures="0" errors="0" timestamp="2024-08-12T12:17:16" hostname="CottonPads" time="1.11">
  <properties/>
  <testcase name="testSameRole()" classname="com.ylab.AccessServiceTest" time="1.11"/>
  <system-out><![CDATA[]]></system-out>
  <system-err><![CDATA[]]></system-err>
</testsuite>
