<?xml version="1.0" encoding="UTF-8"?>
<testsuite name="com.ylab.testcontainer.OrderRepositoryTest" tests="4" skipped="0" failures="0" errors="0" timestamp="2024-08-12T12:17:24" hostname="CottonPads" time="0.03">
  <properties/>
  <testcase name="Тест на проверку добавления нового заказа" classname="com.ylab.testcontainer.OrderRepositoryTest" time="0.006"/>
  <testcase name="Тест на проверку отображения всех заказов" classname="com.ylab.testcontainer.OrderRepositoryTest" time="0.005"/>
  <testcase name="Тест удаления заказа" classname="com.ylab.testcontainer.OrderRepositoryTest" time="0.004"/>
  <testcase name="Тест на обновление статуса заказа" classname="com.ylab.testcontainer.OrderRepositoryTest" time="0.011"/>
  <system-out><![CDATA[[]
]]></system-out>
  <system-err><![CDATA[]]></system-err>
</testsuite>
