<?xml version="1.0" encoding="UTF-8"?>
<testsuite name="com.ylab.UserServiceTest" tests="2" skipped="0" failures="0" errors="0" timestamp="2024-08-05T11:50:32" hostname="CottonPads" time="0.014">
  <properties/>
  <testcase name="testAddUser()" classname="com.ylab.UserServiceTest" time="0.012"/>
  <testcase name="testGetUserByUsername()" classname="com.ylab.UserServiceTest" time="0.001"/>
  <system-out><![CDATA[]]></system-out>
  <system-err><![CDATA[]]></system-err>
</testsuite>
